生成启动时间为 2016/4/24 10:02:13。
     1>项目“C:\Users\7z-Play-04\Documents\GitHub\MJGame\Server\NetworkUtility\NetworkUtility.vcxproj”在节点 2 上(Build 个目标)。
     1>C:\Program Files (x86)\MSBuild\Microsoft.Cpp\v4.0\V110\Microsoft.CppBuild.targets(346,5): warning MSB8004: Output Directory does not end with a trailing slash.  This build instance will add the slash as it is required to allow proper evaluation of the Output Directory.
     1>ClCompile:
         C:\Program Files (x86)\Microsoft Visual Studio 11.0\VC\bin\CL.exe /c /IC:\local\boost_1_59_0 /ZI /nologo /W3 /WX- /Od /Oy- /D WIN32 /D _DEBUG /D _LIB /D _UNICODE /D UNICODE /Gm /EHsc /RTC1 /MDd /GS /fp:precise /Zc:wchar_t /Zc:forScope /Fo"Debug\\" /Fd"Debug\vc110.pdb" /Gd /TP /analyze- /errorReport:prompt src\ClientNetworkImp.cpp src\depends\log4z\log4z.cpp src\NetWorkManager.cpp src\ServerNetwork.cpp src\Session.cpp src\SeverNetworkImp.cpp
         SeverNetworkImp.cpp
         Session.cpp
         ServerNetwork.cpp
         Please define _WIN32_WINNT or _WIN32_WINDOWS appropriately. For example:
         - add -D_WIN32_WINNT=0x0501 to the compiler command line; or
         - add _WIN32_WINNT=0x0501 to your project's Preprocessor Definitions.
         Assuming _WIN32_WINNT=0x0501 (i.e. Windows XP target).
         NetWorkManager.cpp
         log4z.cpp
         ClientNetworkImp.cpp
         正在生成代码...
       Lib:
         C:\Program Files (x86)\Microsoft Visual Studio 11.0\VC\bin\Lib.exe /OUT:"../Bin/Lib\NetworkUtilityD.lib" /NOLOGO Debug\ClientNetworkImp.obj
         Debug\log4z.obj
         Debug\NetWorkManager.obj
         Debug\ServerNetwork.obj
         Debug\Session.obj
         Debug\SeverNetworkImp.obj
         NetworkUtility.vcxproj -> C:\Users\7z-Play-04\Documents\GitHub\MJGame\Server\NetworkUtility\../Bin/Lib\NetworkUtilityD.lib
     1>已完成生成项目“C:\Users\7z-Play-04\Documents\GitHub\MJGame\Server\NetworkUtility\NetworkUtility.vcxproj”(Build 个目标)的操作。

生成成功。

已用时间 00:01:10.78
